<?xml version="1.0" encoding="UTF-8"?>
<testsuite xmlns:xsi="http://www.w3.org/2001/XMLSchema-instance" xsi:noNamespaceSchemaLocation="https://maven.apache.org/surefire/maven-surefire-plugin/xsd/surefire-test-report-3.0.xsd" version="3.0" name="org.mediacat.settings.TorrentEngineSettingsTest" time="25.898" tests="3" errors="0" skipped="0" failures="0">
  <properties>
[...]
</properties>
  <testcase name="saveSettingsTest" classname="org.mediacat.settings.TorrentEngineSettingsTest" time="0.056"/>
  <testcase name="fetchCountUpdatedTest" classname="org.mediacat.settings.TorrentEngineSettingsTest" time="25.811"/>
  <testcase name="loadSettingsTest" classname="org.mediacat.settings.TorrentEngineSettingsTest" time="0"/>
</testsuite>